# JRE version: OpenJDK Runtime Environment (11.0.8+10) (build 11.0.8+10-b944.6842174)
# Java VM: OpenJDK 64-Bit Server VM (11.0.8+10-b944.6842174, mixed mode, tiered, compressed oops, g1 gc, windows-amd64)
Heap:
 garbage-first heap   total 846848K, used 152207K [0x00000000a0000000, 0x0000000100000000)
  region size 1024K, 1 young (1024K), 1 survivors (1024K)
 Metaspace       used 148864K, capacity 151943K, committed 152192K, reserved 1181696K
  class space    used 18016K, capacity 19059K, committed 19072K, reserved 1048576K
GC Heap History (20 events):
Event: 2605.258 GC heap after
{Heap after GC invocations=256 (full 0):
 garbage-first heap   total 362496K, used 144107K [0x00000000a0000000, 0x0000000100000000)
  region size 1024K, 1 young (1024K), 1 survivors (1024K)
 Metaspace       used 148641K, capacity 151686K, committed 151936K, reserved 1181696K
  class space    used 18005K, capacity 19040K, committed 19072K, reserved 1048576K
}
Event: 2605.626 GC heap before
{Heap before GC invocations=256 (full 0):
 garbage-first heap   total 362496K, used 160491K [0x00000000a0000000, 0x0000000100000000)
  region size 1024K, 18 young (18432K), 1 survivors (1024K)
 Metaspace       used 148657K, capacity 151687K, committed 151936K, reserved 1181696K
  class space    used 18005K, capacity 19040K, committed 19072K, reserved 1048576K
}
Event: 2605.634 GC heap after
{Heap after GC invocations=257 (full 0):
 garbage-first heap   total 362496K, used 144660K [0x00000000a0000000, 0x0000000100000000)
  region size 1024K, 2 young (2048K), 2 survivors (2048K)
 Metaspace       used 148657K, capacity 151687K, committed 151936K, reserved 1181696K
  class space    used 18005K, capacity 19040K, committed 19072K, reserved 1048576K
}
Event: 2606.148 GC heap before
{Heap before GC invocations=257 (full 0):
 garbage-first heap   total 362496K, used 163092K [0x00000000a0000000, 0x0000000100000000)
  region size 1024K, 21 young (21504K), 2 survivors (2048K)
 Metaspace       used 148675K, capacity 151693K, committed 151936K, reserved 1181696K
  class space    used 18007K, capacity 19042K, committed 19072K, reserved 1048576K
}
Event: 2606.176 GC heap after
{Heap after GC invocations=258 (full 0):
 garbage-first heap   total 362496K, used 144444K [0x00000000a0000000, 0x0000000100000000)
  region size 1024K, 2 young (2048K), 2 survivors (2048K)
 Metaspace       used 148675K, capacity 151693K, committed 151936K, reserved 1181696K
  class space    used 18007K, capacity 19042K, committed 19072K, reserved 1048576K
}
Event: 2606.684 GC heap before
{Heap before GC invocations=258 (full 0):
 garbage-first heap   total 362496K, used 166972K [0x00000000a0000000, 0x0000000100000000)
  region size 1024K, 24 young (24576K), 2 survivors (2048K)
 Metaspace       used 148733K, capacity 151770K, committed 151936K, reserved 1181696K
  class space    used 18009K, capacity 19047K, committed 19072K, reserved 1048576K
}
Event: 2606.720 GC heap after
{Heap after GC invocations=259 (full 0):
 garbage-first heap   total 362496K, used 145806K [0x00000000a0000000, 0x0000000100000000)
  region size 1024K, 3 young (3072K), 3 survivors (3072K)
 Metaspace       used 148733K, capacity 151770K, committed 151936K, reserved 1181696K
  class space    used 18009K, capacity 19047K, committed 19072K, reserved 1048576K
}
Event: 2607.179 GC heap before
{Heap before GC invocations=259 (full 0):
 garbage-first heap   total 362496K, used 170382K [0x00000000a0000000, 0x0000000100000000)
  region size 1024K, 28 young (28672K), 3 survivors (3072K)
 Metaspace       used 148772K, capacity 151787K, committed 151936K, reserved 1181696K
  class space    used 18013K, capacity 19053K, committed 19072K, reserved 1048576K
}
Event: 2607.222 GC heap after
{Heap after GC invocations=260 (full 0):
 garbage-first heap   total 362496K, used 145229K [0x00000000a0000000, 0x0000000100000000)
  region size 1024K, 2 young (2048K), 2 survivors (2048K)
 Metaspace       used 148772K, capacity 151787K, committed 151936K, reserved 1181696K
  class space    used 18013K, capacity 19053K, committed 19072K, reserved 1048576K
}
Event: 2607.868 GC heap before
{Heap before GC invocations=260 (full 0):
 garbage-first heap   total 362496K, used 174925K [0x00000000a0000000, 0x0000000100000000)
  region size 1024K, 31 young (31744K), 2 survivors (2048K)
 Metaspace       used 148795K, capacity 151866K, committed 151936K, reserved 1181696K
  class space    used 18015K, capacity 19057K, committed 19072K, reserved 1048576K
}
Event: 2607.907 GC heap after
{Heap after GC invocations=261 (full 0):
 garbage-first heap   total 362496K, used 145602K [0x00000000a0000000, 0x0000000100000000)
  region size 1024K, 2 young (2048K), 2 survivors (2048K)
 Metaspace       used 148795K, capacity 151866K, committed 151936K, reserved 1181696K
  class space    used 18015K, capacity 19057K, committed 19072K, reserved 1048576K
}
Event: 2609.082 GC heap before
{Heap before GC invocations=261 (full 0):
 garbage-first heap   total 362496K, used 178370K [0x00000000a0000000, 0x0000000100000000)
  region size 1024K, 35 young (35840K), 2 survivors (2048K)
 Metaspace       used 148825K, capacity 151938K, committed 152192K, reserved 1181696K
  class space    used 18015K, capacity 19058K, committed 19072K, reserved 1048576K
}
Event: 2609.116 GC heap after
{Heap after GC invocations=262 (full 0):
 garbage-first heap   total 362496K, used 147146K [0x00000000a0000000, 0x0000000100000000)
  region size 1024K, 4 young (4096K), 4 survivors (4096K)
 Metaspace       used 148825K, capacity 151938K, committed 152192K, reserved 1181696K
  class space    used 18015K, capacity 19058K, committed 19072K, reserved 1048576K
}
Event: 2610.032 GC heap before
{Heap before GC invocations=262 (full 0):
 garbage-first heap   total 362496K, used 187082K [0x00000000a0000000, 0x0000000100000000)
  region size 1024K, 43 young (44032K), 4 survivors (4096K)
 Metaspace       used 148838K, capacity 151941K, committed 152192K, reserved 1181696K
  class space    used 18016K, capacity 19059K, committed 19072K, reserved 1048576K
}
Event: 2610.221 GC heap after
{Heap after GC invocations=263 (full 0):
 garbage-first heap   total 362496K, used 149842K [0x00000000a0000000, 0x0000000100000000)
  region size 1024K, 6 young (6144K), 6 survivors (6144K)
 Metaspace       used 148838K, capacity 151941K, committed 152192K, reserved 1181696K
  class space    used 18016K, capacity 19059K, committed 19072K, reserved 1048576K
}
Event: 2611.200 GC heap before
{Heap before GC invocations=263 (full 0):
 garbage-first heap   total 362496K, used 185682K [0x00000000a0000000, 0x0000000100000000)
  region size 1024K, 41 young (41984K), 6 survivors (6144K)
 Metaspace       used 148854K, capacity 151943K, committed 152192K, reserved 1181696K
  class space    used 18016K, capacity 19059K, committed 19072K, reserved 1048576K
}
Event: 2612.863 GC heap after
{Heap after GC invocations=264 (full 0):
 garbage-first heap   total 362496K, used 151795K [0x00000000a0000000, 0x0000000100000000)
  region size 1024K, 4 young (4096K), 4 survivors (4096K)
 Metaspace       used 148854K, capacity 151943K, committed 152192K, reserved 1181696K
  class space    used 18016K, capacity 19059K, committed 19072K, reserved 1048576K
}
Event: 2613.132 GC heap before
{Heap before GC invocations=264 (full 0):
 garbage-first heap   total 362496K, used 165107K [0x00000000a0000000, 0x0000000100000000)
  region size 1024K, 17 young (17408K), 4 survivors (4096K)
 Metaspace       used 148864K, capacity 151943K, committed 152192K, reserved 1181696K
  class space    used 18016K, capacity 19059K, committed 19072K, reserved 1048576K
}
Event: 2613.483 GC heap after
{Heap after GC invocations=265 (full 0):
 garbage-first heap   total 362496K, used 152942K [0x00000000a0000000, 0x0000000100000000)
  region size 1024K, 2 young (2048K), 2 survivors (2048K)
 Metaspace       used 148864K, capacity 151943K, committed 152192K, reserved 1181696K
  class space    used 18016K, capacity 19059K, committed 19072K, reserved 1048576K
}
Event: 2613.731 GC heap before
{Heap before GC invocations=265 (full 0):
 garbage-first heap   total 362496K, used 168302K [0x00000000a0000000, 0x0000000100000000)
  region size 1024K, 17 young (17408K), 2 survivors (2048K)
 Metaspace       used 148864K, capacity 151943K, committed 152192K, reserved 1181696K
  class space    used 18016K, capacity 19059K, committed 19072K, reserved 1048576K
}

